Start testing: Sep 22 14:25 SE Asia Standard Time
----------------------------------------------------------
1/8 Testing: trainer_aircraft_core_tests
1/8 Test: trainer_aircraft_core_tests
Command: "D:/VATC/MBCB/CS-FSTD/model tuning/Trainer-Aircraft-6DOF-Nonlinear-Model/build-t6c/trainer_aircraft_core_tests.exe"
Directory: D:/VATC/MBCB/CS-FSTD/model tuning/Trainer-Aircraft-6DOF-Nonlinear-Model/build-t6c
"trainer_aircraft_core_tests" start time: Sep 22 14:25 SE Asia Standard Time
Output:
----------------------------------------------------------
All TrainerAircraft Stage 1 tests passed.
<end of output>
Test time =   0.04 sec
----------------------------------------------------------
Test Passed.
"trainer_aircraft_core_tests" end time: Sep 22 14:25 SE Asia Standard Time
"trainer_aircraft_core_tests" time elapsed: 00:00:00
----------------------------------------------------------

2/8 Testing: trainer_aircraft_stabilizer_tests
2/8 Test: trainer_aircraft_stabilizer_tests
Command: "D:/VATC/MBCB/CS-FSTD/model tuning/Trainer-Aircraft-6DOF-Nonlinear-Model/build-t6c/trainer_aircraft_stabilizer_tests.exe"
Directory: D:/VATC/MBCB/CS-FSTD/model tuning/Trainer-Aircraft-6DOF-Nonlinear-Model/build-t6c
"trainer_aircraft_stabilizer_tests" start time: Sep 22 14:25 SE Asia Standard Time
Output:
----------------------------------------------------------
All TrainerAircraft Stage 2 stabilizer tests passed.
<end of output>
Test time =   0.05 sec
----------------------------------------------------------
Test Passed.
"trainer_aircraft_stabilizer_tests" end time: Sep 22 14:25 SE Asia Standard Time
"trainer_aircraft_stabilizer_tests" time elapsed: 00:00:00
----------------------------------------------------------

3/8 Testing: trainer_aircraft_propeller_tests
3/8 Test: trainer_aircraft_propeller_tests
Command: "D:/VATC/MBCB/CS-FSTD/model tuning/Trainer-Aircraft-6DOF-Nonlinear-Model/build-t6c/trainer_aircraft_propeller_tests.exe"
Directory: D:/VATC/MBCB/CS-FSTD/model tuning/Trainer-Aircraft-6DOF-Nonlinear-Model/build-t6c
"trainer_aircraft_propeller_tests" start time: Sep 22 14:25 SE Asia Standard Time
Output:
----------------------------------------------------------
[PASS] polar interpolation and clamp
[PASS] analytic blade-element integral
[PASS] static momentum closure
[PASS] axial symmetry and torque bookkeeping
[PASS] installation-frame transform
[PASS] element-sample sums
[PASS] P-factor sign against Stevens
[PASS] aerodynamic pitch-rate damping
[PASS] gyroscopic and total-moment identities
[PASS] density scaling
[PASS] grid convergence
[PASS] takeoff sweep with explicit numerical guess
[PASS] common ILoadComponent contract
[PASS] Stage 3 TrainerAircraftModel and RK4 integration
[PASS] disabled model
[PASS] prescribed rotation-rate scale
All 16 propeller V1 tests passed.
<end of output>
Test time =   2.66 sec
----------------------------------------------------------
Test Passed.
"trainer_aircraft_propeller_tests" end time: Sep 22 14:25 SE Asia Standard Time
"trainer_aircraft_propeller_tests" time elapsed: 00:00:02
----------------------------------------------------------

4/8 Testing: trainer_aircraft_landing_gear_tests
4/8 Test: trainer_aircraft_landing_gear_tests
Command: "D:/VATC/MBCB/CS-FSTD/model tuning/Trainer-Aircraft-6DOF-Nonlinear-Model/build-t6c/trainer_aircraft_landing_gear_tests.exe"
Directory: D:/VATC/MBCB/CS-FSTD/model tuning/Trainer-Aircraft-6DOF-Nonlinear-Model/build-t6c
"trainer_aircraft_landing_gear_tests" start time: Sep 22 14:25 SE Asia Standard Time
Output:
----------------------------------------------------------
All TrainerAircraft Stage 4 Landing Gear/PGS tests passed.
<end of output>
Test time =   0.05 sec
----------------------------------------------------------
Test Passed.
"trainer_aircraft_landing_gear_tests" end time: Sep 22 14:25 SE Asia Standard Time
"trainer_aircraft_landing_gear_tests" time elapsed: 00:00:00
----------------------------------------------------------

5/8 Testing: trainer_aircraft_main_wing_tests
5/8 Test: trainer_aircraft_main_wing_tests
Command: "D:/VATC/MBCB/CS-FSTD/model tuning/Trainer-Aircraft-6DOF-Nonlinear-Model/build-t6c/trainer_aircraft_main_wing_tests.exe"
Directory: D:/VATC/MBCB/CS-FSTD/model tuning/Trainer-Aircraft-6DOF-Nonlinear-Model/build-t6c
"trainer_aircraft_main_wing_tests" start time: Sep 22 14:25 SE Asia Standard Time
Output:
----------------------------------------------------------
MainWing tests passed.
<end of output>
Test time =   0.04 sec
----------------------------------------------------------
Test Passed.
"trainer_aircraft_main_wing_tests" end time: Sep 22 14:25 SE Asia Standard Time
"trainer_aircraft_main_wing_tests" time elapsed: 00:00:00
----------------------------------------------------------

6/8 Testing: trainer_aircraft_fuselage_tests
6/8 Test: trainer_aircraft_fuselage_tests
Command: "D:/VATC/MBCB/CS-FSTD/model tuning/Trainer-Aircraft-6DOF-Nonlinear-Model/build-t6c/trainer_aircraft_fuselage_tests.exe"
Directory: D:/VATC/MBCB/CS-FSTD/model tuning/Trainer-Aircraft-6DOF-Nonlinear-Model/build-t6c
"trainer_aircraft_fuselage_tests" start time: Sep 22 14:25 SE Asia Standard Time
Output:
----------------------------------------------------------
Fuselage tests passed.
<end of output>
Test time =   0.04 sec
----------------------------------------------------------
Test Passed.
"trainer_aircraft_fuselage_tests" end time: Sep 22 14:25 SE Asia Standard Time
"trainer_aircraft_fuselage_tests" time elapsed: 00:00:00
----------------------------------------------------------

7/8 Testing: trainer_aircraft_full_aircraft_tests
7/8 Test: trainer_aircraft_full_aircraft_tests
Command: "D:/VATC/MBCB/CS-FSTD/model tuning/Trainer-Aircraft-6DOF-Nonlinear-Model/build-t6c/trainer_aircraft_full_aircraft_tests.exe"
Directory: D:/VATC/MBCB/CS-FSTD/model tuning/Trainer-Aircraft-6DOF-Nonlinear-Model/build-t6c
"trainer_aircraft_full_aircraft_tests" start time: Sep 22 14:25 SE Asia Standard Time
Output:
----------------------------------------------------------
Full-aircraft integration tests passed.
<end of output>
Test time =   0.03 sec
----------------------------------------------------------
Test Passed.
"trainer_aircraft_full_aircraft_tests" end time: Sep 22 14:25 SE Asia Standard Time
"trainer_aircraft_full_aircraft_tests" time elapsed: 00:00:00
----------------------------------------------------------

8/8 Testing: trainer_aircraft_ground_static_trim_tests
8/8 Test: trainer_aircraft_ground_static_trim_tests
Command: "D:/VATC/MBCB/CS-FSTD/model tuning/Trainer-Aircraft-6DOF-Nonlinear-Model/build-t6c/trainer_aircraft_ground_static_trim_tests.exe"
Directory: D:/VATC/MBCB/CS-FSTD/model tuning/Trainer-Aircraft-6DOF-Nonlinear-Model/build-t6c
"trainer_aircraft_ground_static_trim_tests" start time: Sep 22 14:25 SE Asia Standard Time
Output:
----------------------------------------------------------
Ground static trim test passed in 3 iterations.
<end of output>
Test time =   0.05 sec
----------------------------------------------------------
Test Passed.
"trainer_aircraft_ground_static_trim_tests" end time: Sep 22 14:25 SE Asia Standard Time
"trainer_aircraft_ground_static_trim_tests" time elapsed: 00:00:00
----------------------------------------------------------

End testing: Sep 22 14:25 SE Asia Standard Time
